[20mar.2024 07:03:11.177] [Server thread/WARN] [net.minecraft.server.MinecraftServer/]: Can't keep up! Is the server overloaded? Running 17086793ms or 341735 ticks behind
[20mar.2024 07:04:16.776] [Server thread/INFO] [HammerLib/]: Purging cache from 1 HL recipe registries.
[20mar.2024 07:04:16.792] [Server thread/INFO] [net.minecraft.server.MinecraftServer/]: Stopping server
[20mar.2024 07:04:16.794] [Server thread/INFO] [net.minecraft.server.MinecraftServer/]: Saving players
[20mar.2024 07:04:16.794] [Server thread/INFO] [net.minecraft.server.MinecraftServer/]: Saving worlds
[20mar.2024 07:04:18.975] [Server thread/INFO] [net.minecraft.server.MinecraftServer/]: Saving chunks for level 'ServerLevel[Prueba 3]'/minecraft:overworld
[20mar.2024 07:04:19.146] [Server thread/INFO] [net.minecraft.server.MinecraftServer/]: Saving chunks for level 'ServerLevel[Prueba 3]'/minecraft:the_nether
[20mar.2024 07:04:19.148] [Server thread/INFO] [net.minecraft.server.MinecraftServer/]: Saving chunks for level 'ServerLevel[Prueba 3]'/minecraft:the_end
[20mar.2024 07:04:19.151] [Server thread/INFO] [net.minecraft.server.MinecraftServer/]: Saving chunks for level 'ServerLevel[Prueba 3]'/l2library:maze
[20mar.2024 07:04:19.153] [Server thread/INFO] [net.minecraft.server.MinecraftServer/]: Saving chunks for level 'ServerLevel[Prueba 3]'/blue_skies:everdawn
[20mar.2024 07:04:19.155] [Server thread/INFO] [net.minecraft.server.MinecraftServer/]: Saving chunks for level 'ServerLevel[Prueba 3]'/aether:the_aether
[20mar.2024 07:04:19.157] [Server thread/INFO] [net.minecraft.server.MinecraftServer/]: Saving chunks for level 'ServerLevel[Prueba 3]'/blue_skies:everbright
[20mar.2024 07:04:19.159] [Server thread/INFO] [net.minecraft.server.MinecraftServer/]: Saving chunks for level 'ServerLevel[Prueba 3]'/deeperdarker:otherside
[20mar.2024 07:04:19.343] [Server thread/INFO] [net.minecraft.server.MinecraftServer/]: ThreadedAnvilChunkStorage (world): All chunks are saved
[20mar.2024 07:04:19.344] [Server thread/INFO] [net.minecraft.server.MinecraftServer/]: ThreadedAnvilChunkStorage (DIM-1): All chunks are saved
[20mar.2024 07:04:19.344] [Server thread/INFO] [net.minecraft.server.MinecraftServer/]: ThreadedAnvilChunkStorage (DIM1): All chunks are saved
[20mar.2024 07:04:19.345] [Server thread/INFO] [net.minecraft.server.MinecraftServer/]: ThreadedAnvilChunkStorage (maze): All chunks are saved
[20mar.2024 07:04:19.345] [Server thread/INFO] [net.minecraft.server.MinecraftServer/]: ThreadedAnvilChunkStorage (everdawn): All chunks are saved
[20mar.2024 07:04:19.345] [Server thread/INFO] [net.minecraft.server.MinecraftServer/]: ThreadedAnvilChunkStorage (the_aether): All chunks are saved
[20mar.2024 07:04:19.346] [Server thread/INFO] [net.minecraft.server.MinecraftServer/]: ThreadedAnvilChunkStorage (everbright): All chunks are saved
[20mar.2024 07:04:19.346] [Server thread/INFO] [net.minecraft.server.MinecraftServer/]: ThreadedAnvilChunkStorage (otherside): All chunks are saved
[20mar.2024 07:04:19.346] [Server thread/INFO] [net.minecraft.server.MinecraftServer/]: ThreadedAnvilChunkStorage: All dimensions are saved
